2021-04-15T17:03:14.283+0200 [INFO]  Terraform version: 0.15.0
2021-04-15T17:03:14.283+0200 [INFO]  Go runtime version: go1.16.3
2021-04-15T17:03:14.283+0200 [INFO]  CLI args: []string{"/usr/local/bin/terraform", "validate", "-no-color", "-json"}
2021-04-15T17:03:14.283+0200 [TRACE] Stdout is not a terminal
2021-04-15T17:03:14.283+0200 [TRACE] Stderr is not a terminal
2021-04-15T17:03:14.283+0200 [TRACE] Stdin is not a terminal
2021-04-15T17:03:14.283+0200 [DEBUG] Attempting to open CLI config file: /Users/sklatt/.terraformrc
2021-04-15T17:03:14.283+0200 [DEBUG] File doesn't exist, but doesn't need to. Ignoring.
2021-04-15T17:03:14.283+0200 [DEBUG] ignoring non-existing provider search directory terraform.d/plugins
2021-04-15T17:03:14.283+0200 [DEBUG] ignoring non-existing provider search directory /Users/sklatt/.terraform.d/plugins
2021-04-15T17:03:14.283+0200 [DEBUG] ignoring non-existing provider search directory /Users/sklatt/Library/Application Support/io.terraform/plugins
2021-04-15T17:03:14.283+0200 [DEBUG] ignoring non-existing provider search directory /Library/Application Support/io.terraform/plugins
2021-04-15T17:03:14.283+0200 [INFO]  CLI command args: []string{"validate", "-no-color", "-json"}
2021-04-15T17:03:14.285+0200 [TRACE] providercache.fillMetaCache: scanning directory .terraform/providers
2021-04-15T17:03:14.285+0200 [TRACE] getproviders.SearchLocalDirectory: found registry.terraform.io/hashicorp/google v3.64.0 for darwin_amd64 at .terraform/providers/registry.terraform.io/hashicorp/google/3.64.0/darwin_amd64
2021-04-15T17:03:14.286+0200 [TRACE] getproviders.SearchLocalDirectory: found registry.terraform.io/hashicorp/kubernetes v2.0.3 for darwin_amd64 at .terraform/providers/registry.terraform.io/hashicorp/kubernetes/2.0.3/darwin_amd64
2021-04-15T17:03:14.286+0200 [TRACE] providercache.fillMetaCache: including .terraform/providers/registry.terraform.io/hashicorp/google/3.64.0/darwin_amd64 as a candidate package for registry.terraform.io/hashicorp/google 3.64.0
2021-04-15T17:03:14.286+0200 [TRACE] providercache.fillMetaCache: including .terraform/providers/registry.terraform.io/hashicorp/kubernetes/2.0.3/darwin_amd64 as a candidate package for registry.terraform.io/hashicorp/kubernetes 2.0.3
2021-04-15T17:03:14.440+0200 [TRACE] providercache.fillMetaCache: using cached result from previous scan of .terraform/providers
2021-04-15T17:03:14.548+0200 [DEBUG] checking for provisioner in "."
2021-04-15T17:03:14.558+0200 [DEBUG] checking for provisioner in "/usr/local/bin"
2021-04-15T17:03:14.559+0200 [INFO]  Failed to read plugin lock file .terraform/plugins/darwin_amd64/lock.json: open .terraform/plugins/darwin_amd64/lock.json: no such file or directory
2021-04-15T17:03:14.559+0200 [TRACE] terraform.NewContext: starting
2021-04-15T17:03:14.559+0200 [TRACE] terraform.NewContext: loading provider schemas
2021-04-15T17:03:14.559+0200 [TRACE] LoadSchemas: retrieving schema for provider type "registry.terraform.io/hashicorp/google"
2021-04-15T17:03:14.559+0200 [DEBUG] created provider logger: level=off
2021-04-15T17:03:14.559+0200 [INFO]  provider: configuring client automatic mTLS
2021-04-15T17:03:14.592+0200 [DEBUG] provider: starting plugin: path=.terraform/providers/registry.terraform.io/hashicorp/google/3.64.0/darwin_amd64/terraform-provider-google_v3.64.0_x5 args=[.terraform/providers/registry.terraform.io/hashicorp/google/3.64.0/darwin_amd64/terraform-provider-google_v3.64.0_x5]
2021-04-15T17:03:14.595+0200 [DEBUG] provider: plugin started: path=.terraform/providers/registry.terraform.io/hashicorp/google/3.64.0/darwin_amd64/terraform-provider-google_v3.64.0_x5 pid=42720
2021-04-15T17:03:14.595+0200 [DEBUG] provider: waiting for RPC address: path=.terraform/providers/registry.terraform.io/hashicorp/google/3.64.0/darwin_amd64/terraform-provider-google_v3.64.0_x5
2021-04-15T17:03:14.616+0200 [INFO]  provider.terraform-provider-google_v3.64.0_x5: configuring server automatic mTLS: timestamp=2021-04-15T17:03:14.616+0200
2021-04-15T17:03:14.649+0200 [DEBUG] provider: using plugin: version=5
2021-04-15T17:03:14.649+0200 [DEBUG] provider.terraform-provider-google_v3.64.0_x5: plugin address: address=/var/folders/pn/_4g6_kqx1dq53xhf5wjy36ph0000gn/T/plugin813679359 network=unix timestamp=2021-04-15T17:03:14.649+0200
2021-04-15T17:03:14.688+0200 [TRACE] GRPCProvider: GetProviderSchema
2021-04-15T17:03:14.688+0200 [TRACE] provider.stdio: waiting for stdio data
2021-04-15T17:03:14.726+0200 [TRACE] GRPCProvider: Close
2021-04-15T17:03:14.727+0200 [DEBUG] provider.stdio: received EOF, stopping recv loop: err="rpc error: code = Unavailable desc = transport is closing"
2021-04-15T17:03:14.729+0200 [DEBUG] provider: plugin process exited: path=.terraform/providers/registry.terraform.io/hashicorp/google/3.64.0/darwin_amd64/terraform-provider-google_v3.64.0_x5 pid=42720
2021-04-15T17:03:14.729+0200 [DEBUG] provider: plugin exited
2021-04-15T17:03:14.729+0200 [TRACE] LoadSchemas: retrieving schema for provider type "registry.terraform.io/hashicorp/kubernetes"
2021-04-15T17:03:14.729+0200 [DEBUG] created provider logger: level=off
2021-04-15T17:03:14.729+0200 [INFO]  provider: configuring client automatic mTLS
2021-04-15T17:03:14.759+0200 [DEBUG] provider: starting plugin: path=.terraform/providers/registry.terraform.io/hashicorp/kubernetes/2.0.3/darwin_amd64/terraform-provider-kubernetes_v2.0.3_x5 args=[.terraform/providers/registry.terraform.io/hashicorp/kubernetes/2.0.3/darwin_amd64/terraform-provider-kubernetes_v2.0.3_x5]
2021-04-15T17:03:14.762+0200 [DEBUG] provider: plugin started: path=.terraform/providers/registry.terraform.io/hashicorp/kubernetes/2.0.3/darwin_amd64/terraform-provider-kubernetes_v2.0.3_x5 pid=42721
2021-04-15T17:03:14.762+0200 [DEBUG] provider: waiting for RPC address: path=.terraform/providers/registry.terraform.io/hashicorp/kubernetes/2.0.3/darwin_amd64/terraform-provider-kubernetes_v2.0.3_x5
2021-04-15T17:03:14.801+0200 [INFO]  provider.terraform-provider-kubernetes_v2.0.3_x5: configuring server automatic mTLS: timestamp=2021-04-15T17:03:14.801+0200
2021-04-15T17:03:14.833+0200 [DEBUG] provider: using plugin: version=5
2021-04-15T17:03:14.833+0200 [DEBUG] provider.terraform-provider-kubernetes_v2.0.3_x5: plugin address: address=/var/folders/pn/_4g6_kqx1dq53xhf5wjy36ph0000gn/T/plugin369602260 network=unix timestamp=2021-04-15T17:03:14.833+0200
2021-04-15T17:03:14.872+0200 [TRACE] GRPCProvider: GetProviderSchema
2021-04-15T17:03:14.872+0200 [TRACE] provider.stdio: waiting for stdio data
2021-04-15T17:03:14.896+0200 [TRACE] GRPCProvider: Close
2021-04-15T17:03:14.898+0200 [DEBUG] provider.stdio: received EOF, stopping recv loop: err="rpc error: code = Unavailable desc = transport is closing"
2021-04-15T17:03:14.900+0200 [DEBUG] provider: plugin process exited: path=.terraform/providers/registry.terraform.io/hashicorp/kubernetes/2.0.3/darwin_amd64/terraform-provider-kubernetes_v2.0.3_x5 pid=42721
2021-04-15T17:03:14.900+0200 [DEBUG] provider: plugin exited
2021-04-15T17:03:14.900+0200 [TRACE] terraform.NewContext: complete
2021-04-15T17:03:14.900+0200 [INFO]  terraform: building graph: GraphTypeValidate
2021-04-15T17:03:14.900+0200 [TRACE] Executing graph transform *terraform.ConfigTransformer
2021-04-15T17:03:14.900+0200 [TRACE] ConfigTransformer: Starting for path:
2021-04-15T17:03:14.900+0200 [TRACE] Completed graph transform *terraform.ConfigTransformer with new graph:
  google_project_iam_member.bingings - *terraform.NodeValidatableResource
  google_service_account.gcp_service_account - *terraform.NodeValidatableResource
  google_service_account_iam_member.membership - *terraform.NodeValidatableResource
  kubernetes_namespace.sa_namespace - *terraform.NodeValidatableResource
  kubernetes_service_account.k8s_service_account - *terraform.NodeValidatableResource
  ------
2021-04-15T17:03:14.900+0200 [TRACE] Executing graph transform *terraform.RootVariableTransformer
2021-04-15T17:03:14.900+0200 [TRACE] Completed graph transform *terraform.RootVariableTransformer with new graph:
  google_project_iam_member.bingings - *terraform.NodeValidatableResource
  google_service_account.gcp_service_account - *terraform.NodeValidatableResource
  google_service_account_iam_member.membership - *terraform.NodeValidatableResource
  kubernetes_namespace.sa_namespace - *terraform.NodeValidatableResource
  kubernetes_service_account.k8s_service_account - *terraform.NodeValidatableResource
  var.automount_service_account_token - *terraform.NodeRootVariable
  var.create_namespace - *terraform.NodeRootVariable
  var.name - *terraform.NodeRootVariable
  var.namespace - *terraform.NodeRootVariable
  var.prefix - *terraform.NodeRootVariable
  var.project_id - *terraform.NodeRootVariable
  var.roles - *terraform.NodeRootVariable
  ------
2021-04-15T17:03:14.900+0200 [TRACE] Executing graph transform *terraform.ModuleVariableTransformer
2021-04-15T17:03:14.900+0200 [TRACE] Completed graph transform *terraform.ModuleVariableTransformer (no changes)
2021-04-15T17:03:14.900+0200 [TRACE] Executing graph transform *terraform.LocalTransformer
2021-04-15T17:03:14.900+0200 [TRACE] Completed graph transform *terraform.LocalTransformer with new graph:
  google_project_iam_member.bingings - *terraform.NodeValidatableResource
  google_service_account.gcp_service_account - *terraform.NodeValidatableResource
  google_service_account_iam_member.membership - *terraform.NodeValidatableResource
  kubernetes_namespace.sa_namespace - *terraform.NodeValidatableResource
  kubernetes_service_account.k8s_service_account - *terraform.NodeValidatableResource
  local.name (expand) - *terraform.nodeExpandLocal
  local.sa_name (expand) - *terraform.nodeExpandLocal
  var.automount_service_account_token - *terraform.NodeRootVariable
  var.create_namespace - *terraform.NodeRootVariable
  var.name - *terraform.NodeRootVariable
  var.namespace - *terraform.NodeRootVariable
  var.prefix - *terraform.NodeRootVariable
  var.project_id - *terraform.NodeRootVariable
  var.roles - *terraform.NodeRootVariable
  ------
2021-04-15T17:03:14.900+0200 [TRACE] Executing graph transform *terraform.OutputTransformer
2021-04-15T17:03:14.900+0200 [TRACE] Completed graph transform *terraform.OutputTransformer (no changes)
2021-04-15T17:03:14.900+0200 [TRACE] Executing graph transform *terraform.OrphanResourceInstanceTransformer
2021-04-15T17:03:14.900+0200 [TRACE] Completed graph transform *terraform.OrphanResourceInstanceTransformer (no changes)
2021-04-15T17:03:14.900+0200 [TRACE] Executing graph transform *terraform.StateTransformer
2021-04-15T17:03:14.900+0200 [TRACE] StateTransformer: state is empty, so nothing to do
2021-04-15T17:03:14.900+0200 [TRACE] Completed graph transform *terraform.StateTransformer (no changes)
2021-04-15T17:03:14.900+0200 [TRACE] Executing graph transform *terraform.AttachStateTransformer
2021-04-15T17:03:14.900+0200 [TRACE] Completed graph transform *terraform.AttachStateTransformer (no changes)
2021-04-15T17:03:14.900+0200 [TRACE] Executing graph transform *terraform.OrphanOutputTransformer
2021-04-15T17:03:14.900+0200 [TRACE] Completed graph transform *terraform.OrphanOutputTransformer (no changes)
2021-04-15T17:03:14.900+0200 [TRACE] Executing graph transform *terraform.AttachResourceConfigTransformer
2021-04-15T17:03:14.900+0200 [TRACE] AttachResourceConfigTransformer: attaching to "google_project_iam_member.bingings" (*terraform.NodeValidatableResource) config from main.tf:49,1-48
2021-04-15T17:03:14.900+0200 [TRACE] AttachResourceConfigTransformer: attaching provider meta configs to google_project_iam_member.bingings
2021-04-15T17:03:14.900+0200 [TRACE] AttachResourceConfigTransformer: attaching to "google_service_account_iam_member.membership" (*terraform.NodeValidatableResource) config from main.tf:41,1-58
2021-04-15T17:03:14.900+0200 [TRACE] AttachResourceConfigTransformer: attaching provider meta configs to google_service_account_iam_member.membership
2021-04-15T17:03:14.900+0200 [TRACE] AttachResourceConfigTransformer: attaching to "google_service_account.gcp_service_account" (*terraform.NodeValidatableResource) config from main.tf:7,1-56
2021-04-15T17:03:14.900+0200 [TRACE] AttachResourceConfigTransformer: attaching provider meta configs to google_service_account.gcp_service_account
2021-04-15T17:03:14.900+0200 [TRACE] AttachResourceConfigTransformer: attaching to "kubernetes_namespace.sa_namespace" (*terraform.NodeValidatableResource) config from main.tf:13,1-47
2021-04-15T17:03:14.900+0200 [TRACE] AttachResourceConfigTransformer: attaching provider meta configs to kubernetes_namespace.sa_namespace
2021-04-15T17:03:14.900+0200 [TRACE] AttachResourceConfigTransformer: attaching to "kubernetes_service_account.k8s_service_account" (*terraform.NodeValidatableResource) config from main.tf:27,1-60
2021-04-15T17:03:14.900+0200 [TRACE] AttachResourceConfigTransformer: attaching provider meta configs to kubernetes_service_account.k8s_service_account
2021-04-15T17:03:14.900+0200 [TRACE] Completed graph transform *terraform.AttachResourceConfigTransformer (no changes)
2021-04-15T17:03:14.900+0200 [TRACE] Executing graph transform *terraform.graphTransformerMulti
2021-04-15T17:03:14.900+0200 [TRACE] (graphTransformerMulti) Executing graph transform *terraform.ProviderConfigTransformer
2021-04-15T17:03:14.900+0200 [TRACE] (graphTransformerMulti) Completed graph transform *terraform.ProviderConfigTransformer with new graph:
  google_project_iam_member.bingings - *terraform.NodeValidatableResource
  google_service_account.gcp_service_account - *terraform.NodeValidatableResource
  google_service_account_iam_member.membership - *terraform.NodeValidatableResource
  kubernetes_namespace.sa_namespace - *terraform.NodeValidatableResource
  kubernetes_service_account.k8s_service_account - *terraform.NodeValidatableResource
  local.name (expand) - *terraform.nodeExpandLocal
  local.sa_name (expand) - *terraform.nodeExpandLocal
  var.automount_service_account_token - *terraform.NodeRootVariable
  var.create_namespace - *terraform.NodeRootVariable
  var.name - *terraform.NodeRootVariable
  var.namespace - *terraform.NodeRootVariable
  var.prefix - *terraform.NodeRootVariable
  var.project_id - *terraform.NodeRootVariable
  var.roles - *terraform.NodeRootVariable
  ------
2021-04-15T17:03:14.900+0200 [TRACE] (graphTransformerMulti) Executing graph transform *terraform.MissingProviderTransformer
2021-04-15T17:03:14.900+0200 [DEBUG] adding implicit provider configuration provider["registry.terraform.io/hashicorp/kubernetes"], implied first by kubernetes_namespace.sa_namespace
2021-04-15T17:03:14.900+0200 [DEBUG] adding implicit provider configuration provider["registry.terraform.io/hashicorp/google"], implied first by google_service_account.gcp_service_account
2021-04-15T17:03:14.900+0200 [TRACE] (graphTransformerMulti) Completed graph transform *terraform.MissingProviderTransformer with new graph:
  google_project_iam_member.bingings - *terraform.NodeValidatableResource
  google_service_account.gcp_service_account - *terraform.NodeValidatableResource
  google_service_account_iam_member.membership - *terraform.NodeValidatableResource
  kubernetes_namespace.sa_namespace - *terraform.NodeValidatableResource
  kubernetes_service_account.k8s_service_account - *terraform.NodeValidatableResource
  local.name (expand) - *terraform.nodeExpandLocal
  local.sa_name (expand) - *terraform.nodeExpandLocal
  provider["registry.terraform.io/hashicorp/google"] - *terraform.NodeApplyableProvider
  provider["registry.terraform.io/hashicorp/kubernetes"] - *terraform.NodeApplyableProvider
  var.automount_service_account_token - *terraform.NodeRootVariable
  var.create_namespace - *terraform.NodeRootVariable
  var.name - *terraform.NodeRootVariable
  var.namespace - *terraform.NodeRootVariable
  var.prefix - *terraform.NodeRootVariable
  var.project_id - *terraform.NodeRootVariable
  var.roles - *terraform.NodeRootVariable
  ------
2021-04-15T17:03:14.900+0200 [TRACE] (graphTransformerMulti) Executing graph transform *terraform.ProviderTransformer
2021-04-15T17:03:14.900+0200 [TRACE] ProviderTransformer: exact match for provider["registry.terraform.io/hashicorp/google"] serving google_service_account.gcp_service_account
2021-04-15T17:03:14.900+0200 [DEBUG] ProviderTransformer: "google_service_account.gcp_service_account" (*terraform.NodeValidatableResource) needs provider["registry.terraform.io/hashicorp/google"]
2021-04-15T17:03:14.900+0200 [TRACE] ProviderTransformer: exact match for provider["registry.terraform.io/hashicorp/kubernetes"] serving kubernetes_namespace.sa_namespace
2021-04-15T17:03:14.900+0200 [DEBUG] ProviderTransformer: "kubernetes_namespace.sa_namespace" (*terraform.NodeValidatableResource) needs provider["registry.terraform.io/hashicorp/kubernetes"]
2021-04-15T17:03:14.900+0200 [TRACE] ProviderTransformer: exact match for provider["registry.terraform.io/hashicorp/google"] serving google_service_account_iam_member.membership
2021-04-15T17:03:14.900+0200 [DEBUG] ProviderTransformer: "google_service_account_iam_member.membership" (*terraform.NodeValidatableResource) needs provider["registry.terraform.io/hashicorp/google"]
2021-04-15T17:03:14.900+0200 [TRACE] ProviderTransformer: exact match for provider["registry.terraform.io/hashicorp/google"] serving google_project_iam_member.bingings
2021-04-15T17:03:14.900+0200 [DEBUG] ProviderTransformer: "google_project_iam_member.bingings" (*terraform.NodeValidatableResource) needs provider["registry.terraform.io/hashicorp/google"]
2021-04-15T17:03:14.900+0200 [TRACE] ProviderTransformer: exact match for provider["registry.terraform.io/hashicorp/kubernetes"] serving kubernetes_service_account.k8s_service_account
2021-04-15T17:03:14.900+0200 [DEBUG] ProviderTransformer: "kubernetes_service_account.k8s_service_account" (*terraform.NodeValidatableResource) needs provider["registry.terraform.io/hashicorp/kubernetes"]
2021-04-15T17:03:14.900+0200 [TRACE] (graphTransformerMulti) Completed graph transform *terraform.ProviderTransformer with new graph:
  google_project_iam_member.bingings - *terraform.NodeValidatableResource
    provider["registry.terraform.io/hashicorp/google"] - *terraform.NodeApplyableProvider
  google_service_account.gcp_service_account - *terraform.NodeValidatableResource
    provider["registry.terraform.io/hashicorp/google"] - *terraform.NodeApplyableProvider
  google_service_account_iam_member.membership - *terraform.NodeValidatableResource
    provider["registry.terraform.io/hashicorp/google"] - *terraform.NodeApplyableProvider
  kubernetes_namespace.sa_namespace - *terraform.NodeValidatableResource
    provider["registry.terraform.io/hashicorp/kubernetes"] - *terraform.NodeApplyableProvider
  kubernetes_service_account.k8s_service_account - *terraform.NodeValidatableResource
    provider["registry.terraform.io/hashicorp/kubernetes"] - *terraform.NodeApplyableProvider
  local.name (expand) - *terraform.nodeExpandLocal
  local.sa_name (expand) - *terraform.nodeExpandLocal
  provider["registry.terraform.io/hashicorp/google"] - *terraform.NodeApplyableProvider
  provider["registry.terraform.io/hashicorp/kubernetes"] - *terraform.NodeApplyableProvider
  var.automount_service_account_token - *terraform.NodeRootVariable
  var.create_namespace - *terraform.NodeRootVariable
  var.name - *terraform.NodeRootVariable
  var.namespace - *terraform.NodeRootVariable
  var.prefix - *terraform.NodeRootVariable
  var.project_id - *terraform.NodeRootVariable
  var.roles - *terraform.NodeRootVariable
  ------
2021-04-15T17:03:14.900+0200 [TRACE] (graphTransformerMulti) Executing graph transform *terraform.PruneProviderTransformer
2021-04-15T17:03:14.900+0200 [TRACE] (graphTransformerMulti) Completed graph transform *terraform.PruneProviderTransformer (no changes)
2021-04-15T17:03:14.901+0200 [TRACE] Completed graph transform *terraform.graphTransformerMulti with new graph:
  google_project_iam_member.bingings - *terraform.NodeValidatableResource
    provider["registry.terraform.io/hashicorp/google"] - *terraform.NodeApplyableProvider
  google_service_account.gcp_service_account - *terraform.NodeValidatableResource
    provider["registry.terraform.io/hashicorp/google"] - *terraform.NodeApplyableProvider
  google_service_account_iam_member.membership - *terraform.NodeValidatableResource
    provider["registry.terraform.io/hashicorp/google"] - *terraform.NodeApplyableProvider
  kubernetes_namespace.sa_namespace - *terraform.NodeValidatableResource
    provider["registry.terraform.io/hashicorp/kubernetes"] - *terraform.NodeApplyableProvider
  kubernetes_service_account.k8s_service_account - *terraform.NodeValidatableResource
    provider["registry.terraform.io/hashicorp/kubernetes"] - *terraform.NodeApplyableProvider
  local.name (expand) - *terraform.nodeExpandLocal
  local.sa_name (expand) - *terraform.nodeExpandLocal
  provider["registry.terraform.io/hashicorp/google"] - *terraform.NodeApplyableProvider
  provider["registry.terraform.io/hashicorp/kubernetes"] - *terraform.NodeApplyableProvider
  var.automount_service_account_token - *terraform.NodeRootVariable
  var.create_namespace - *terraform.NodeRootVariable
  var.name - *terraform.NodeRootVariable
  var.namespace - *terraform.NodeRootVariable
  var.prefix - *terraform.NodeRootVariable
  var.project_id - *terraform.NodeRootVariable
  var.roles - *terraform.NodeRootVariable
  ------
2021-04-15T17:03:14.901+0200 [TRACE] Executing graph transform *terraform.RemovedModuleTransformer
2021-04-15T17:03:14.901+0200 [TRACE] Completed graph transform *terraform.RemovedModuleTransformer (no changes)
2021-04-15T17:03:14.901+0200 [TRACE] Executing graph transform *terraform.AttachSchemaTransformer
2021-04-15T17:03:14.901+0200 [TRACE] AttachSchemaTransformer: attaching provider config schema to provider["registry.terraform.io/hashicorp/google"]
2021-04-15T17:03:14.901+0200 [TRACE] AttachSchemaTransformer: attaching resource schema to kubernetes_service_account.k8s_service_account
2021-04-15T17:03:14.901+0200 [TRACE] AttachSchemaTransformer: attaching resource schema to google_service_account.gcp_service_account
2021-04-15T17:03:14.901+0200 [TRACE] AttachSchemaTransformer: attaching resource schema to kubernetes_namespace.sa_namespace
2021-04-15T17:03:14.901+0200 [TRACE] AttachSchemaTransformer: attaching provider config schema to provider["registry.terraform.io/hashicorp/kubernetes"]
2021-04-15T17:03:14.901+0200 [TRACE] AttachSchemaTransformer: attaching resource schema to google_service_account_iam_member.membership
2021-04-15T17:03:14.901+0200 [TRACE] AttachSchemaTransformer: attaching resource schema to google_project_iam_member.bingings
2021-04-15T17:03:14.901+0200 [TRACE] Completed graph transform *terraform.AttachSchemaTransformer (no changes)
2021-04-15T17:03:14.901+0200 [TRACE] Executing graph transform *terraform.ModuleExpansionTransformer
2021-04-15T17:03:14.901+0200 [TRACE] Completed graph transform *terraform.ModuleExpansionTransformer (no changes)
2021-04-15T17:03:14.901+0200 [TRACE] Executing graph transform *terraform.ReferenceTransformer
2021-04-15T17:03:14.901+0200 [DEBUG] ReferenceTransformer: "kubernetes_service_account.k8s_service_account" references: [kubernetes_namespace.sa_namespace var.automount_service_account_token google_service_account.gcp_service_account var.name var.namespace]
2021-04-15T17:03:14.901+0200 [DEBUG] ReferenceTransformer: "google_service_account.gcp_service_account" references: [var.project_id local.name (expand) local.name (expand)]
2021-04-15T17:03:14.901+0200 [DEBUG] ReferenceTransformer: "kubernetes_namespace.sa_namespace" references: [var.create_namespace var.namespace]
2021-04-15T17:03:14.901+0200 [DEBUG] ReferenceTransformer: "var.roles" references: []
2021-04-15T17:03:14.901+0200 [DEBUG] ReferenceTransformer: "local.name (expand)" references: [var.prefix var.name]
2021-04-15T17:03:14.901+0200 [DEBUG] ReferenceTransformer: "var.namespace" references: []
2021-04-15T17:03:14.901+0200 [DEBUG] ReferenceTransformer: "var.create_namespace" references: []
2021-04-15T17:03:14.901+0200 [DEBUG] ReferenceTransformer: "var.project_id" references: []
2021-04-15T17:03:14.901+0200 [DEBUG] ReferenceTransformer: "var.prefix" references: []
2021-04-15T17:03:14.901+0200 [DEBUG] ReferenceTransformer: "local.sa_name (expand)" references: [var.project_id var.namespace var.name]
2021-04-15T17:03:14.901+0200 [DEBUG] ReferenceTransformer: "provider[\"registry.terraform.io/hashicorp/kubernetes\"]" references: []
2021-04-15T17:03:14.901+0200 [DEBUG] ReferenceTransformer: "google_service_account_iam_member.membership" references: [kubernetes_service_account.k8s_service_account google_service_account.gcp_service_account google_service_account.gcp_service_account local.sa_name (expand)]
2021-04-15T17:03:14.901+0200 [INFO]  ReferenceTransformer: reference not found: "each.value"
2021-04-15T17:03:14.901+0200 [DEBUG] ReferenceTransformer: "google_project_iam_member.bingings" references: [var.roles google_service_account.gcp_service_account var.project_id]
2021-04-15T17:03:14.901+0200 [DEBUG] ReferenceTransformer: "var.name" references: []
2021-04-15T17:03:14.901+0200 [DEBUG] ReferenceTransformer: "var.automount_service_account_token" references: []
2021-04-15T17:03:14.901+0200 [DEBUG] ReferenceTransformer: "provider[\"registry.terraform.io/hashicorp/google\"]" references: []
2021-04-15T17:03:14.901+0200 [TRACE] Completed graph transform *terraform.ReferenceTransformer with new graph:
  google_project_iam_member.bingings - *terraform.NodeValidatableResource
    google_service_account.gcp_service_account - *terraform.NodeValidatableResource
    provider["registry.terraform.io/hashicorp/google"] - *terraform.NodeApplyableProvider
    var.project_id - *terraform.NodeRootVariable
    var.roles - *terraform.NodeRootVariable
  google_service_account.gcp_service_account - *terraform.NodeValidatableResource
    local.name (expand) - *terraform.nodeExpandLocal
    provider["registry.terraform.io/hashicorp/google"] - *terraform.NodeApplyableProvider
    var.project_id - *terraform.NodeRootVariable
  google_service_account_iam_member.membership - *terraform.NodeValidatableResource
    google_service_account.gcp_service_account - *terraform.NodeValidatableResource
    kubernetes_service_account.k8s_service_account - *terraform.NodeValidatableResource
    local.sa_name (expand) - *terraform.nodeExpandLocal
    provider["registry.terraform.io/hashicorp/google"] - *terraform.NodeApplyableProvider
  kubernetes_namespace.sa_namespace - *terraform.NodeValidatableResource
    provider["registry.terraform.io/hashicorp/kubernetes"] - *terraform.NodeApplyableProvider
    var.create_namespace - *terraform.NodeRootVariable
    var.namespace - *terraform.NodeRootVariable
  kubernetes_service_account.k8s_service_account - *terraform.NodeValidatableResource
    google_service_account.gcp_service_account - *terraform.NodeValidatableResource
    kubernetes_namespace.sa_namespace - *terraform.NodeValidatableResource
    provider["registry.terraform.io/hashicorp/kubernetes"] - *terraform.NodeApplyableProvider
    var.automount_service_account_token - *terraform.NodeRootVariable
    var.name - *terraform.NodeRootVariable
    var.namespace - *terraform.NodeRootVariable
  local.name (expand) - *terraform.nodeExpandLocal
    var.name - *terraform.NodeRootVariable
    var.prefix - *terraform.NodeRootVariable
  local.sa_name (expand) - *terraform.nodeExpandLocal
    var.name - *terraform.NodeRootVariable
    var.namespace - *terraform.NodeRootVariable
    var.project_id - *terraform.NodeRootVariable
  provider["registry.terraform.io/hashicorp/google"] - *terraform.NodeApplyableProvider
  provider["registry.terraform.io/hashicorp/kubernetes"] - *terraform.NodeApplyableProvider
  var.automount_service_account_token - *terraform.NodeRootVariable
  var.create_namespace - *terraform.NodeRootVariable
  var.name - *terraform.NodeRootVariable
  var.namespace - *terraform.NodeRootVariable
  var.prefix - *terraform.NodeRootVariable
  var.project_id - *terraform.NodeRootVariable
  var.roles - *terraform.NodeRootVariable
  ------
2021-04-15T17:03:14.901+0200 [TRACE] Executing graph transform *terraform.AttachDependenciesTransformer
2021-04-15T17:03:14.901+0200 [TRACE] Completed graph transform *terraform.AttachDependenciesTransformer (no changes)
2021-04-15T17:03:14.901+0200 [TRACE] Executing graph transform *terraform.attachDataResourceDependsOnTransformer
2021-04-15T17:03:14.901+0200 [TRACE] Completed graph transform *terraform.attachDataResourceDependsOnTransformer (no changes)
2021-04-15T17:03:14.901+0200 [TRACE] Executing graph transform *terraform.TargetsTransformer
2021-04-15T17:03:14.901+0200 [TRACE] Completed graph transform *terraform.TargetsTransformer (no changes)
2021-04-15T17:03:14.901+0200 [TRACE] Executing graph transform *terraform.ForcedCBDTransformer
2021-04-15T17:03:14.901+0200 [TRACE] Completed graph transform *terraform.ForcedCBDTransformer (no changes)
2021-04-15T17:03:14.901+0200 [TRACE] Executing graph transform *terraform.CountBoundaryTransformer
2021-04-15T17:03:14.901+0200 [TRACE] Completed graph transform *terraform.CountBoundaryTransformer with new graph:
  google_project_iam_member.bingings - *terraform.NodeValidatableResource
    google_service_account.gcp_service_account - *terraform.NodeValidatableResource
    provider["registry.terraform.io/hashicorp/google"] - *terraform.NodeApplyableProvider
    var.project_id - *terraform.NodeRootVariable
    var.roles - *terraform.NodeRootVariable
  google_service_account.gcp_service_account - *terraform.NodeValidatableResource
    local.name (expand) - *terraform.nodeExpandLocal
    provider["registry.terraform.io/hashicorp/google"] - *terraform.NodeApplyableProvider
    var.project_id - *terraform.NodeRootVariable
  google_service_account_iam_member.membership - *terraform.NodeValidatableResource
    google_service_account.gcp_service_account - *terraform.NodeValidatableResource
    kubernetes_service_account.k8s_service_account - *terraform.NodeValidatableResource
    local.sa_name (expand) - *terraform.nodeExpandLocal
    provider["registry.terraform.io/hashicorp/google"] - *terraform.NodeApplyableProvider
  kubernetes_namespace.sa_namespace - *terraform.NodeValidatableResource
    provider["registry.terraform.io/hashicorp/kubernetes"] - *terraform.NodeApplyableProvider
    var.create_namespace - *terraform.NodeRootVariable
    var.namespace - *terraform.NodeRootVariable
  kubernetes_service_account.k8s_service_account - *terraform.NodeValidatableResource
    google_service_account.gcp_service_account - *terraform.NodeValidatableResource
    kubernetes_namespace.sa_namespace - *terraform.NodeValidatableResource
    provider["registry.terraform.io/hashicorp/kubernetes"] - *terraform.NodeApplyableProvider
    var.automount_service_account_token - *terraform.NodeRootVariable
    var.name - *terraform.NodeRootVariable
    var.namespace - *terraform.NodeRootVariable
  local.name (expand) - *terraform.nodeExpandLocal
    var.name - *terraform.NodeRootVariable
    var.prefix - *terraform.NodeRootVariable
  local.sa_name (expand) - *terraform.nodeExpandLocal
    var.name - *terraform.NodeRootVariable
    var.namespace - *terraform.NodeRootVariable
    var.project_id - *terraform.NodeRootVariable
  meta.count-boundary (EachMode fixup) - *terraform.NodeCountBoundary
    google_project_iam_member.bingings - *terraform.NodeValidatableResource
    google_service_account.gcp_service_account - *terraform.NodeValidatableResource
    google_service_account_iam_member.membership - *terraform.NodeValidatableResource
    kubernetes_namespace.sa_namespace - *terraform.NodeValidatableResource
    kubernetes_service_account.k8s_service_account - *terraform.NodeValidatableResource
    local.name (expand) - *terraform.nodeExpandLocal
    local.sa_name (expand) - *terraform.nodeExpandLocal
    provider["registry.terraform.io/hashicorp/google"] - *terraform.NodeApplyableProvider
    provider["registry.terraform.io/hashicorp/kubernetes"] - *terraform.NodeApplyableProvider
    var.automount_service_account_token - *terraform.NodeRootVariable
    var.create_namespace - *terraform.NodeRootVariable
    var.name - *terraform.NodeRootVariable
    var.namespace - *terraform.NodeRootVariable
    var.prefix - *terraform.NodeRootVariable
    var.project_id - *terraform.NodeRootVariable
    var.roles - *terraform.NodeRootVariable
  provider["registry.terraform.io/hashicorp/google"] - *terraform.NodeApplyableProvider
  provider["registry.terraform.io/hashicorp/kubernetes"] - *terraform.NodeApplyableProvider
  var.automount_service_account_token - *terraform.NodeRootVariable
  var.create_namespace - *terraform.NodeRootVariable
  var.name - *terraform.NodeRootVariable
  var.namespace - *terraform.NodeRootVariable
  var.prefix - *terraform.NodeRootVariable
  var.project_id - *terraform.NodeRootVariable
  var.roles - *terraform.NodeRootVariable
  ------
2021-04-15T17:03:14.901+0200 [TRACE] Executing graph transform *terraform.CloseProviderTransformer
2021-04-15T17:03:14.902+0200 [TRACE] Completed graph transform *terraform.CloseProviderTransformer with new graph:
  google_project_iam_member.bingings - *terraform.NodeValidatableResource
    google_service_account.gcp_service_account - *terraform.NodeValidatableResource
    provider["registry.terraform.io/hashicorp/google"] - *terraform.NodeApplyableProvider
    var.project_id - *terraform.NodeRootVariable
    var.roles - *terraform.NodeRootVariable
  google_service_account.gcp_service_account - *terraform.NodeValidatableResource
    local.name (expand) - *terraform.nodeExpandLocal
    provider["registry.terraform.io/hashicorp/google"] - *terraform.NodeApplyableProvider
    var.project_id - *terraform.NodeRootVariable
  google_service_account_iam_member.membership - *terraform.NodeValidatableResource
    google_service_account.gcp_service_account - *terraform.NodeValidatableResource
    kubernetes_service_account.k8s_service_account - *terraform.NodeValidatableResource
    local.sa_name (expand) - *terraform.nodeExpandLocal
    provider["registry.terraform.io/hashicorp/google"] - *terraform.NodeApplyableProvider
  kubernetes_namespace.sa_namespace - *terraform.NodeValidatableResource
    provider["registry.terraform.io/hashicorp/kubernetes"] - *terraform.NodeApplyableProvider
    var.create_namespace - *terraform.NodeRootVariable
    var.namespace - *terraform.NodeRootVariable
  kubernetes_service_account.k8s_service_account - *terraform.NodeValidatableResource
    google_service_account.gcp_service_account - *terraform.NodeValidatableResource
    kubernetes_namespace.sa_namespace - *terraform.NodeValidatableResource
    provider["registry.terraform.io/hashicorp/kubernetes"] - *terraform.NodeApplyableProvider
    var.automount_service_account_token - *terraform.NodeRootVariable
    var.name - *terraform.NodeRootVariable
    var.namespace - *terraform.NodeRootVariable
  local.name (expand) - *terraform.nodeExpandLocal
    var.name - *terraform.NodeRootVariable
    var.prefix - *terraform.NodeRootVariable
  local.sa_name (expand) - *terraform.nodeExpandLocal
    var.name - *terraform.NodeRootVariable
    var.namespace - *terraform.NodeRootVariable
    var.project_id - *terraform.NodeRootVariable
  meta.count-boundary (EachMode fixup) - *terraform.NodeCountBoundary
    google_project_iam_member.bingings - *terraform.NodeValidatableResource
    google_service_account.gcp_service_account - *terraform.NodeValidatableResource
    google_service_account_iam_member.membership - *terraform.NodeValidatableResource
    kubernetes_namespace.sa_namespace - *terraform.NodeValidatableResource
    kubernetes_service_account.k8s_service_account - *terraform.NodeValidatableResource
    local.name (expand) - *terraform.nodeExpandLocal
    local.sa_name (expand) - *terraform.nodeExpandLocal
    provider["registry.terraform.io/hashicorp/google"] - *terraform.NodeApplyableProvider
    provider["registry.terraform.io/hashicorp/kubernetes"] - *terraform.NodeApplyableProvider
    var.automount_service_account_token - *terraform.NodeRootVariable
    var.create_namespace - *terraform.NodeRootVariable
    var.name - *terraform.NodeRootVariable
    var.namespace - *terraform.NodeRootVariable
    var.prefix - *terraform.NodeRootVariable
    var.project_id - *terraform.NodeRootVariable
    var.roles - *terraform.NodeRootVariable
  provider["registry.terraform.io/hashicorp/google"] - *terraform.NodeApplyableProvider
  provider["registry.terraform.io/hashicorp/google"] (close) - *terraform.graphNodeCloseProvider
    google_project_iam_member.bingings - *terraform.NodeValidatableResource
    google_service_account.gcp_service_account - *terraform.NodeValidatableResource
    google_service_account_iam_member.membership - *terraform.NodeValidatableResource
    provider["registry.terraform.io/hashicorp/google"] - *terraform.NodeApplyableProvider
  provider["registry.terraform.io/hashicorp/kubernetes"] - *terraform.NodeApplyableProvider
  provider["registry.terraform.io/hashicorp/kubernetes"] (close) - *terraform.graphNodeCloseProvider
    kubernetes_namespace.sa_namespace - *terraform.NodeValidatableResource
    kubernetes_service_account.k8s_service_account - *terraform.NodeValidatableResource
    provider["registry.terraform.io/hashicorp/kubernetes"] - *terraform.NodeApplyableProvider
  var.automount_service_account_token - *terraform.NodeRootVariable
  var.create_namespace - *terraform.NodeRootVariable
  var.name - *terraform.NodeRootVariable
  var.namespace - *terraform.NodeRootVariable
  var.prefix - *terraform.NodeRootVariable
  var.project_id - *terraform.NodeRootVariable
  var.roles - *terraform.NodeRootVariable
  ------
2021-04-15T17:03:14.902+0200 [TRACE] Executing graph transform *terraform.CloseRootModuleTransformer
2021-04-15T17:03:14.902+0200 [TRACE] Completed graph transform *terraform.CloseRootModuleTransformer with new graph:
  google_project_iam_member.bingings - *terraform.NodeValidatableResource
    google_service_account.gcp_service_account - *terraform.NodeValidatableResource
    provider["registry.terraform.io/hashicorp/google"] - *terraform.NodeApplyableProvider
    var.project_id - *terraform.NodeRootVariable
    var.roles - *terraform.NodeRootVariable
  google_service_account.gcp_service_account - *terraform.NodeValidatableResource
    local.name (expand) - *terraform.nodeExpandLocal
    provider["registry.terraform.io/hashicorp/google"] - *terraform.NodeApplyableProvider
    var.project_id - *terraform.NodeRootVariable
  google_service_account_iam_member.membership - *terraform.NodeValidatableResource
    google_service_account.gcp_service_account - *terraform.NodeValidatableResource
    kubernetes_service_account.k8s_service_account - *terraform.NodeValidatableResource
    local.sa_name (expand) - *terraform.nodeExpandLocal
    provider["registry.terraform.io/hashicorp/google"] - *terraform.NodeApplyableProvider
  kubernetes_namespace.sa_namespace - *terraform.NodeValidatableResource
    provider["registry.terraform.io/hashicorp/kubernetes"] - *terraform.NodeApplyableProvider
    var.create_namespace - *terraform.NodeRootVariable
    var.namespace - *terraform.NodeRootVariable
  kubernetes_service_account.k8s_service_account - *terraform.NodeValidatableResource
    google_service_account.gcp_service_account - *terraform.NodeValidatableResource
    kubernetes_namespace.sa_namespace - *terraform.NodeValidatableResource
    provider["registry.terraform.io/hashicorp/kubernetes"] - *terraform.NodeApplyableProvider
    var.automount_service_account_token - *terraform.NodeRootVariable
    var.name - *terraform.NodeRootVariable
    var.namespace - *terraform.NodeRootVariable
  local.name (expand) - *terraform.nodeExpandLocal
    var.name - *terraform.NodeRootVariable
    var.prefix - *terraform.NodeRootVariable
  local.sa_name (expand) - *terraform.nodeExpandLocal
    var.name - *terraform.NodeRootVariable
    var.namespace - *terraform.NodeRootVariable
    var.project_id - *terraform.NodeRootVariable
  meta.count-boundary (EachMode fixup) - *terraform.NodeCountBoundary
    google_project_iam_member.bingings - *terraform.NodeValidatableResource
    google_service_account.gcp_service_account - *terraform.NodeValidatableResource
    google_service_account_iam_member.membership - *terraform.NodeValidatableResource
    kubernetes_namespace.sa_namespace - *terraform.NodeValidatableResource
    kubernetes_service_account.k8s_service_account - *terraform.NodeValidatableResource
    local.name (expand) - *terraform.nodeExpandLocal
    local.sa_name (expand) - *terraform.nodeExpandLocal
    provider["registry.terraform.io/hashicorp/google"] - *terraform.NodeApplyableProvider
    provider["registry.terraform.io/hashicorp/kubernetes"] - *terraform.NodeApplyableProvider
    var.automount_service_account_token - *terraform.NodeRootVariable
    var.create_namespace - *terraform.NodeRootVariable
    var.name - *terraform.NodeRootVariable
    var.namespace - *terraform.NodeRootVariable
    var.prefix - *terraform.NodeRootVariable
    var.project_id - *terraform.NodeRootVariable
    var.roles - *terraform.NodeRootVariable
  provider["registry.terraform.io/hashicorp/google"] - *terraform.NodeApplyableProvider
  provider["registry.terraform.io/hashicorp/google"] (close) - *terraform.graphNodeCloseProvider
    google_project_iam_member.bingings - *terraform.NodeValidatableResource
    google_service_account.gcp_service_account - *terraform.NodeValidatableResource
    google_service_account_iam_member.membership - *terraform.NodeValidatableResource
    provider["registry.terraform.io/hashicorp/google"] - *terraform.NodeApplyableProvider
  provider["registry.terraform.io/hashicorp/kubernetes"] - *terraform.NodeApplyableProvider
  provider["registry.terraform.io/hashicorp/kubernetes"] (close) - *terraform.graphNodeCloseProvider
    kubernetes_namespace.sa_namespace - *terraform.NodeValidatableResource
    kubernetes_service_account.k8s_service_account - *terraform.NodeValidatableResource
    provider["registry.terraform.io/hashicorp/kubernetes"] - *terraform.NodeApplyableProvider
  root - *terraform.nodeCloseModule
    meta.count-boundary (EachMode fixup) - *terraform.NodeCountBoundary
    provider["registry.terraform.io/hashicorp/google"] (close) - *terraform.graphNodeCloseProvider
    provider["registry.terraform.io/hashicorp/kubernetes"] (close) - *terraform.graphNodeCloseProvider
  var.automount_service_account_token - *terraform.NodeRootVariable
  var.create_namespace - *terraform.NodeRootVariable
  var.name - *terraform.NodeRootVariable
  var.namespace - *terraform.NodeRootVariable
  var.prefix - *terraform.NodeRootVariable
  var.project_id - *terraform.NodeRootVariable
  var.roles - *terraform.NodeRootVariable
  ------
2021-04-15T17:03:14.902+0200 [TRACE] Executing graph transform *terraform.TransitiveReductionTransformer
2021-04-15T17:03:14.902+0200 [TRACE] Completed graph transform *terraform.TransitiveReductionTransformer with new graph:
  google_project_iam_member.bingings - *terraform.NodeValidatableResource
    google_service_account.gcp_service_account - *terraform.NodeValidatableResource
    var.roles - *terraform.NodeRootVariable
  google_service_account.gcp_service_account - *terraform.NodeValidatableResource
    local.name (expand) - *terraform.nodeExpandLocal
    provider["registry.terraform.io/hashicorp/google"] - *terraform.NodeApplyableProvider
    var.project_id - *terraform.NodeRootVariable
  google_service_account_iam_member.membership - *terraform.NodeValidatableResource
    kubernetes_service_account.k8s_service_account - *terraform.NodeValidatableResource
    local.sa_name (expand) - *terraform.nodeExpandLocal
  kubernetes_namespace.sa_namespace - *terraform.NodeValidatableResource
    provider["registry.terraform.io/hashicorp/kubernetes"] - *terraform.NodeApplyableProvider
    var.create_namespace - *terraform.NodeRootVariable
    var.namespace - *terraform.NodeRootVariable
  kubernetes_service_account.k8s_service_account - *terraform.NodeValidatableResource
    google_service_account.gcp_service_account - *terraform.NodeValidatableResource
    kubernetes_namespace.sa_namespace - *terraform.NodeValidatableResource
    var.automount_service_account_token - *terraform.NodeRootVariable
  local.name (expand) - *terraform.nodeExpandLocal
    var.name - *terraform.NodeRootVariable
    var.prefix - *terraform.NodeRootVariable
  local.sa_name (expand) - *terraform.nodeExpandLocal
    var.name - *terraform.NodeRootVariable
    var.namespace - *terraform.NodeRootVariable
    var.project_id - *terraform.NodeRootVariable
  meta.count-boundary (EachMode fixup) - *terraform.NodeCountBoundary
    google_project_iam_member.bingings - *terraform.NodeValidatableResource
    google_service_account_iam_member.membership - *terraform.NodeValidatableResource
  provider["registry.terraform.io/hashicorp/google"] - *terraform.NodeApplyableProvider
  provider["registry.terraform.io/hashicorp/google"] (close) - *terraform.graphNodeCloseProvider
    google_project_iam_member.bingings - *terraform.NodeValidatableResource
    google_service_account_iam_member.membership - *terraform.NodeValidatableResource
  provider["registry.terraform.io/hashicorp/kubernetes"] - *terraform.NodeApplyableProvider
  provider["registry.terraform.io/hashicorp/kubernetes"] (close) - *terraform.graphNodeCloseProvider
    kubernetes_service_account.k8s_service_account - *terraform.NodeValidatableResource
  root - *terraform.nodeCloseModule
    meta.count-boundary (EachMode fixup) - *terraform.NodeCountBoundary
    provider["registry.terraform.io/hashicorp/google"] (close) - *terraform.graphNodeCloseProvider
    provider["registry.terraform.io/hashicorp/kubernetes"] (close) - *terraform.graphNodeCloseProvider
  var.automount_service_account_token - *terraform.NodeRootVariable
  var.create_namespace - *terraform.NodeRootVariable
  var.name - *terraform.NodeRootVariable
  var.namespace - *terraform.NodeRootVariable
  var.prefix - *terraform.NodeRootVariable
  var.project_id - *terraform.NodeRootVariable
  var.roles - *terraform.NodeRootVariable
  ------
2021-04-15T17:03:14.902+0200 [DEBUG] Starting graph walk: walkValidate
2021-04-15T17:03:14.902+0200 [TRACE] vertex "var.automount_service_account_token": starting visit (*terraform.NodeRootVariable)
2021-04-15T17:03:14.902+0200 [TRACE] vertex "var.automount_service_account_token": visit complete
2021-04-15T17:03:14.902+0200 [TRACE] vertex "var.namespace": starting visit (*terraform.NodeRootVariable)
2021-04-15T17:03:14.902+0200 [TRACE] vertex "var.prefix": starting visit (*terraform.NodeRootVariable)
2021-04-15T17:03:14.902+0200 [TRACE] vertex "var.prefix": visit complete
2021-04-15T17:03:14.902+0200 [TRACE] vertex "var.namespace": visit complete
2021-04-15T17:03:14.902+0200 [TRACE] vertex "provider[\"registry.terraform.io/hashicorp/kubernetes\"]": starting visit (*terraform.NodeApplyableProvider)
2021-04-15T17:03:14.902+0200 [TRACE] vertex "var.project_id": starting visit (*terraform.NodeRootVariable)
2021-04-15T17:03:14.902+0200 [TRACE] vertex "var.project_id": visit complete
2021-04-15T17:03:14.902+0200 [TRACE] vertex "var.roles": starting visit (*terraform.NodeRootVariable)
2021-04-15T17:03:14.902+0200 [TRACE] vertex "var.roles": visit complete
2021-04-15T17:03:14.902+0200 [TRACE] vertex "var.create_namespace": starting visit (*terraform.NodeRootVariable)
2021-04-15T17:03:14.902+0200 [TRACE] vertex "var.create_namespace": visit complete
2021-04-15T17:03:14.902+0200 [DEBUG] created provider logger: level=off
2021-04-15T17:03:14.902+0200 [TRACE] vertex "var.name": starting visit (*terraform.NodeRootVariable)
2021-04-15T17:03:14.902+0200 [TRACE] vertex "var.name": visit complete
2021-04-15T17:03:14.902+0200 [INFO]  provider: configuring client automatic mTLS
2021-04-15T17:03:14.902+0200 [TRACE] vertex "local.name (expand)": starting visit (*terraform.nodeExpandLocal)
2021-04-15T17:03:14.902+0200 [TRACE] vertex "provider[\"registry.terraform.io/hashicorp/google\"]": starting visit (*terraform.NodeApplyableProvider)
2021-04-15T17:03:14.902+0200 [TRACE] vertex "local.sa_name (expand)": starting visit (*terraform.nodeExpandLocal)
2021-04-15T17:03:14.902+0200 [TRACE] vertex "local.sa_name (expand)": expanding dynamic subgraph
2021-04-15T17:03:14.902+0200 [TRACE] vertex "local.name (expand)": expanding dynamic subgraph
2021-04-15T17:03:14.902+0200 [TRACE] Expanding local: adding local.name as *terraform.NodeLocal
2021-04-15T17:03:14.902+0200 [TRACE] vertex "local.name (expand)": entering dynamic subgraph
2021-04-15T17:03:14.903+0200 [TRACE] vertex "local.name": starting visit (*terraform.NodeLocal)
2021-04-15T17:03:14.903+0200 [TRACE] Expanding local: adding local.sa_name as *terraform.NodeLocal
2021-04-15T17:03:14.903+0200 [TRACE] vertex "local.sa_name (expand)": entering dynamic subgraph
2021-04-15T17:03:14.903+0200 [TRACE] vertex "local.sa_name": starting visit (*terraform.NodeLocal)
2021-04-15T17:03:14.903+0200 [TRACE] vertex "local.sa_name": visit complete
2021-04-15T17:03:14.903+0200 [TRACE] vertex "local.sa_name (expand)": dynamic subgraph completed successfully
2021-04-15T17:03:14.903+0200 [TRACE] vertex "local.sa_name (expand)": visit complete
2021-04-15T17:03:14.903+0200 [TRACE] vertex "local.name": visit complete
2021-04-15T17:03:14.903+0200 [TRACE] vertex "local.name (expand)": dynamic subgraph completed successfully
2021-04-15T17:03:14.903+0200 [TRACE] vertex "local.name (expand)": visit complete
2021-04-15T17:03:14.932+0200 [DEBUG] provider: starting plugin: path=.terraform/providers/registry.terraform.io/hashicorp/kubernetes/2.0.3/darwin_amd64/terraform-provider-kubernetes_v2.0.3_x5 args=[.terraform/providers/registry.terraform.io/hashicorp/kubernetes/2.0.3/darwin_amd64/terraform-provider-kubernetes_v2.0.3_x5]
2021-04-15T17:03:14.935+0200 [DEBUG] provider: plugin started: path=.terraform/providers/registry.terraform.io/hashicorp/kubernetes/2.0.3/darwin_amd64/terraform-provider-kubernetes_v2.0.3_x5 pid=42722
2021-04-15T17:03:14.935+0200 [DEBUG] provider: waiting for RPC address: path=.terraform/providers/registry.terraform.io/hashicorp/kubernetes/2.0.3/darwin_amd64/terraform-provider-kubernetes_v2.0.3_x5
2021-04-15T17:03:14.974+0200 [INFO]  provider.terraform-provider-kubernetes_v2.0.3_x5: configuring server automatic mTLS: timestamp=2021-04-15T17:03:14.974+0200
2021-04-15T17:03:15.009+0200 [DEBUG] provider: using plugin: version=5
2021-04-15T17:03:15.009+0200 [DEBUG] provider.terraform-provider-kubernetes_v2.0.3_x5: plugin address: address=/var/folders/pn/_4g6_kqx1dq53xhf5wjy36ph0000gn/T/plugin842506009 network=unix timestamp=2021-04-15T17:03:15.009+0200
2021-04-15T17:03:15.048+0200 [TRACE] provider.stdio: waiting for stdio data
2021-04-15T17:03:15.048+0200 [TRACE] BuiltinEvalContext: Initialized "provider[\"registry.terraform.io/hashicorp/kubernetes\"]" provider for provider["registry.terraform.io/hashicorp/kubernetes"]
2021-04-15T17:03:15.048+0200 [TRACE] buildProviderConfig for provider["registry.terraform.io/hashicorp/kubernetes"]: no configuration at all
2021-04-15T17:03:15.048+0200 [TRACE] vertex "provider[\"registry.terraform.io/hashicorp/kubernetes\"]": visit complete
2021-04-15T17:03:15.048+0200 [TRACE] vertex "kubernetes_namespace.sa_namespace": starting visit (*terraform.NodeValidatableResource)
2021-04-15T17:03:15.048+0200 [DEBUG] created provider logger: level=off
2021-04-15T17:03:15.048+0200 [INFO]  provider: configuring client automatic mTLS
2021-04-15T17:03:15.079+0200 [DEBUG] provider: starting plugin: path=.terraform/providers/registry.terraform.io/hashicorp/google/3.64.0/darwin_amd64/terraform-provider-google_v3.64.0_x5 args=[.terraform/providers/registry.terraform.io/hashicorp/google/3.64.0/darwin_amd64/terraform-provider-google_v3.64.0_x5]
2021-04-15T17:03:15.082+0200 [DEBUG] provider: plugin started: path=.terraform/providers/registry.terraform.io/hashicorp/google/3.64.0/darwin_amd64/terraform-provider-google_v3.64.0_x5 pid=42725
2021-04-15T17:03:15.082+0200 [DEBUG] provider: waiting for RPC address: path=.terraform/providers/registry.terraform.io/hashicorp/google/3.64.0/darwin_amd64/terraform-provider-google_v3.64.0_x5
2021-04-15T17:03:15.103+0200 [INFO]  provider.terraform-provider-google_v3.64.0_x5: configuring server automatic mTLS: timestamp=2021-04-15T17:03:15.103+0200
2021-04-15T17:03:15.137+0200 [DEBUG] provider.terraform-provider-google_v3.64.0_x5: plugin address: address=/var/folders/pn/_4g6_kqx1dq53xhf5wjy36ph0000gn/T/plugin422925408 network=unix timestamp=2021-04-15T17:03:15.137+0200
2021-04-15T17:03:15.138+0200 [DEBUG] provider: using plugin: version=5
2021-04-15T17:03:15.165+0200 [WARN]  provider.stdio: stdio service not available, stdout/stderr syncing unavailable
2021-04-15T17:03:15.165+0200 [WARN]  provider.stdio: stdio service unavailable, run will do nothing
2021-04-15T17:03:15.165+0200 [DEBUG] provider: plugin process exited: path=.terraform/providers/registry.terraform.io/hashicorp/google/3.64.0/darwin_amd64/terraform-provider-google_v3.64.0_x5 pid=42725 error="signal: terminated"
2021-04-15T17:03:15.165+0200 [TRACE] BuiltinEvalContext: Initialized "provider[\"registry.terraform.io/hashicorp/google\"]" provider for provider["registry.terraform.io/hashicorp/google"]
2021-04-15T17:03:15.165+0200 [TRACE] buildProviderConfig for provider["registry.terraform.io/hashicorp/google"]: no configuration at all
2021-04-15T17:03:15.165+0200 [TRACE] vertex "provider[\"registry.terraform.io/hashicorp/google\"]": visit complete
2021-04-15T17:03:15.165+0200 [TRACE] vertex "google_service_account.gcp_service_account": starting visit (*terraform.NodeValidatableResource)
2021-04-15T17:03:15.166+0200 [DEBUG] provider.stdio: received EOF, stopping recv loop: err="rpc error: code = Unavailable desc = transport is closing"
2021-04-15T17:03:15.166+0200 [DEBUG] provider: plugin process exited: path=.terraform/providers/registry.terraform.io/hashicorp/kubernetes/2.0.3/darwin_amd64/terraform-provider-kubernetes_v2.0.3_x5 pid=42722 error="signal: terminated"
2021-04-15T17:03:15.166+0200 [TRACE] GRPCProvider: ValidateResourceConfig
2021-04-15T17:03:15.166+0200 [TRACE] GRPCProvider: GetProviderSchema
2021-04-15T17:03:15.166+0200 [TRACE] GRPCProvider: ValidateResourceConfig
2021-04-15T17:03:15.166+0200 [ERROR] plugin.(*GRPCProvider).GetProviderSchema: error="rpc error: code = Canceled desc = context canceled"
2021-04-15T17:03:15.166+0200 [TRACE] vertex "google_service_account.gcp_service_account": visit complete

panic: Request cancelled: The plugin.(*GRPCProvider).GetProviderSchema request was cancelled.

goroutine 125 [running]:
github.com/hashicorp/terraform/plugin.(*GRPCProvider).getSchema(0xc000592100, 0x0, 0x0, 0x0, 0x0, 0x0, 0x0, 0x0, 0x0, 0x0)
	github.com/hashicorp/terraform/plugin/grpc_provider.go:83 +0x2b9
github.com/hashicorp/terraform/plugin.(*GRPCProvider).getResourceSchema(0xc000592100, 0xc00012e330, 0x16, 0x0, 0x0)
	github.com/hashicorp/terraform/plugin/grpc_provider.go:92 +0x45
github.com/hashicorp/terraform/plugin.(*GRPCProvider).ValidateResourceConfig(0xc000592100, 0xc00012e330, 0x16, 0x3835e28, 0xc00036e5b0, 0x2ff9f60, 0xc001681e30, 0xc001681e30, 0xc001681e90, 0x0)
	github.com/hashicorp/terraform/plugin/grpc_provider.go:204 +0x9b
github.com/hashicorp/terraform/terraform.(*NodeValidatableResource).validateResource(0xc000010d38, 0x386bd70, 0xc000bca680, 0xc0000a3c80, 0x1007468, 0xc001608178)
	github.com/hashicorp/terraform/terraform/node_resource_validate.go:383 +0x870
github.com/hashicorp/terraform/terraform.(*NodeValidatableResource).Execute(0xc000010d38, 0x386bd70, 0xc000bca680, 0x17f8b04, 0xc0000a3d18, 0x100d305, 0x3043880)
	github.com/hashicorp/terraform/terraform/node_resource_validate.go:40 +0x5a
github.com/hashicorp/terraform/terraform.(*ContextGraphWalker).Execute(0xc00018fbc0, 0x386bd70, 0xc000bca680, 0x2cdfc288, 0xc000010d38, 0x0, 0x0, 0x0)
	github.com/hashicorp/terraform/terraform/graph_walk_context.go:127 +0xbf
github.com/hashicorp/terraform/terraform.(*Graph).walk.func1(0x3347980, 0xc000010d38, 0x0, 0x0, 0x0)
	github.com/hashicorp/terraform/terraform/graph.go:59 +0xba2
github.com/hashicorp/terraform/dag.(*Walker).walkVertex(0xc00160d140, 0x3347980, 0xc000010d38, 0xc0002b0f80)
	github.com/hashicorp/terraform/dag/walk.go:381 +0x288
created by github.com/hashicorp/terraform/dag.(*Walker).Update
	github.com/hashicorp/terraform/dag/walk.go:304 +0x1246
